2025-04-06 03:42:00.098	Initialized. Chain height: -1, Txs: 0
2025-04-06 03:42:00.105	Entity (00000101, 0000000000000000000000000000000000000000) added successfully
2025-04-06 03:42:00.106	Entity (00000201, 0000000000000000000000000000000000000000) added successfully
2025-04-06 03:42:00.107	Entity (00000102, 0000000000000000000000000000000000000000) added successfully
2025-04-06 03:42:00.108	Entity (00000202, 0000000000000000000000000000000000000000) added successfully
2025-04-06 03:42:00.109	Entity (0000010A, 0000000000000000000000000000000000000000) added successfully
2025-04-06 03:42:00.110	Entity (0000010B, 0000000000000000000000000000000000000000) added successfully
2025-04-06 03:42:00.110	Entity (0000010F, 0000000000000000000000000000000000000000) added successfully
2025-04-06 03:42:00.111	Entity (00000103, 22841fd4646c58c1bea74a0fef2f17fef329882a) added successfully
2025-04-06 03:42:00.112	Entity (00000203, 22841fd4646c58c1bea74a0fef2f17fef329882a) added successfully
2025-04-06 03:42:00.225	Entity (00000105, 00000000e6867b31ec26d34254d894d8ad050723) added successfully
2025-04-06 03:42:00.228	Entity (00000205, 00000000e6867b31ec26d34254d894d8ad050723) added successfully
2025-04-06 03:42:00.229	Entity (00000106, 00000000e6867b31ec26d34254d894d8ad050723) added successfully
2025-04-06 03:42:00.230	Entity (00000206, 00000000e6867b31ec26d34254d894d8ad050723) added successfully
2025-04-06 03:42:00.231	Entity (00000107, 00000000e6867b31ec26d34254d894d8ad050723) added successfully
2025-04-06 03:42:00.232	Entity (00000207, 00000000e6867b31ec26d34254d894d8ad050723) added successfully
2025-04-06 03:42:00.243	NewData 00000000000000000000014b0000000000000000000000000000000000000002, block 0, flags 00000000, import 0
2025-04-06 03:42:00.246	NewBlock 0, Txs: 1, Rows: 4
2025-04-06 03:42:00.298	NewTx a4565516603df06c692195b4c6c968bc03e5398563152de925162565298a523f, block 1, flags 00000006, import 0
2025-04-06 03:42:00.301	NewBlock 1, Txs: 1, Rows: 6
2025-04-06 03:42:00.325	NewBlock 2, Txs: 0, Rows: 0
2025-04-06 03:42:15.807	NewBlock 3, Txs: 0, Rows: 0
2025-04-06 03:42:28.015	NewBlock 4, Txs: 0, Rows: 0
2025-04-06 03:42:51.179	NewBlock 5, Txs: 0, Rows: 0
2025-04-06 03:43:05.528	NewBlock 6, Txs: 0, Rows: 0
2025-04-06 03:43:26.527	NewBlock 7, Txs: 0, Rows: 0
2025-04-06 03:43:40.903	NewBlock 8, Txs: 0, Rows: 0
2025-04-06 03:44:03.004	NewBlock 9, Txs: 0, Rows: 0
2025-04-06 03:44:10.793	NewBlock 10, Txs: 0, Rows: 0
2025-04-06 03:44:30.706	NewBlock 11, Txs: 0, Rows: 0
2025-04-06 03:44:42.874	NewBlock 12, Txs: 0, Rows: 0
2025-04-06 03:44:58.354	NewBlock 13, Txs: 0, Rows: 0
2025-04-06 03:45:03.912	NewBlock 14, Txs: 0, Rows: 0
2025-04-06 03:45:29.308	NewBlock 15, Txs: 0, Rows: 0
2025-04-06 03:45:35.956	NewBlock 16, Txs: 0, Rows: 0
2025-04-06 03:45:58.044	NewBlock 17, Txs: 0, Rows: 0
2025-04-06 03:46:04.712	NewBlock 18, Txs: 0, Rows: 0
2025-04-06 03:46:34.553	NewBlock 19, Txs: 0, Rows: 0
2025-04-06 03:47:15.584	Initialized. Chain height: 19, Txs: 2
2025-04-06 03:47:26.809	NewBlock 20, Txs: 0, Rows: 0
2025-04-06 03:47:50.151	NewBlock 21, Txs: 0, Rows: 0
2025-04-06 03:48:11.133	NewBlock 22, Txs: 0, Rows: 0
2025-04-06 03:48:27.704	NewBlock 23, Txs: 0, Rows: 0
2025-04-06 03:48:41.006	NewBlock 24, Txs: 0, Rows: 0
2025-04-06 03:48:56.474	NewBlock 25, Txs: 0, Rows: 0
2025-04-06 03:49:11.968	NewBlock 26, Txs: 0, Rows: 0
2025-04-06 03:49:34.060	NewBlock 27, Txs: 0, Rows: 0
2025-04-06 03:49:53.955	NewBlock 28, Txs: 0, Rows: 0
2025-04-06 03:50:10.154	Entity (00000103, c32e7dce3f16954b33a30d43b25afe4086355979) added successfully
2025-04-06 03:50:10.155	Entity (00000203, c32e7dce3f16954b33a30d43b25afe4086355979) added successfully
2025-04-06 03:50:17.223	NewBlock 29, Txs: 0, Rows: 0
2025-04-06 03:50:37.109	NewBlock 30, Txs: 0, Rows: 0
2025-04-06 03:50:54.785	NewBlock 31, Txs: 0, Rows: 0
2025-04-06 03:51:08.064	NewBlock 32, Txs: 0, Rows: 0
2025-04-06 03:51:19.131	NewBlock 33, Txs: 0, Rows: 0
2025-04-06 03:51:25.793	NewBlock 34, Txs: 0, Rows: 0
2025-04-06 03:51:34.663	NewBlock 35, Txs: 0, Rows: 0
2025-04-06 03:51:41.124	Entity (00000103, a1b41d0c5887920006c2ace02421248120dca481) added successfully
2025-04-06 03:51:41.125	Entity (00000203, a1b41d0c5887920006c2ace02421248120dca481) added successfully
2025-04-06 03:51:41.166	Entity (00000103, 18a637e4bf043e4b0c054a2d9e6014ca6d105d76) added successfully
2025-04-06 03:51:41.167	Entity (00000203, 18a637e4bf043e4b0c054a2d9e6014ca6d105d76) added successfully
2025-04-06 03:51:41.168	Starting new import 1 with 9 entities from block -1
2025-04-06 03:51:41.169	Import: 1, Entity: (00000101, 0000000000000000000000000000000000000000), transferred txs: 0
2025-04-06 03:51:41.170	Import: 1, Entity: (00000201, 0000000000000000000000000000000000000000), transferred txs: 1
2025-04-06 03:51:41.172	Import: 1, Entity: (00000102, 0000000000000000000000000000000000000000), transferred txs: 0
2025-04-06 03:51:41.173	Import: 1, Entity: (00000202, 0000000000000000000000000000000000000000), transferred txs: 1
2025-04-06 03:51:41.174	Import: 1, Entity: (0000010A, 0000000000000000000000000000000000000000), transferred txs: 0
2025-04-06 03:51:41.177	Import: 1, Entity: (0000010B, 0000000000000000000000000000000000000000), transferred txs: 0
2025-04-06 03:51:41.178	Import: 1, Entity: (0000010F, 0000000000000000000000000000000000000000), transferred txs: 0
2025-04-06 03:51:41.179	Import: 1, Entity: (00000103, 18a637e4bf043e4b0c054a2d9e6014ca6d105d76), transferred txs: 0
2025-04-06 03:51:41.180	Import: 1, Entity: (00000203, 18a637e4bf043e4b0c054a2d9e6014ca6d105d76), transferred txs: 0
2025-04-06 03:51:41.182	Import 1 successfully started
2025-04-06 03:51:41.185	NewData 00000000000000000000014b0000000000000000000000000000000000000002, block 0, flags 00000000, import 1
2025-04-06 03:51:41.187	NewBlock 0, Txs: 0, Rows: 4
2025-04-06 03:51:41.189	UpdateTx a456551660, block 1, flags 00000006, import 1
2025-04-06 03:51:41.192	NewBlock 1, Txs: 0, Rows: 2
2025-04-06 03:51:41.195	NewBlock 2, Txs: 0, Rows: 0
2025-04-06 03:51:41.198	NewBlock 3, Txs: 0, Rows: 0
2025-04-06 03:51:41.202	NewBlock 4, Txs: 0, Rows: 0
2025-04-06 03:51:41.206	NewBlock 5, Txs: 0, Rows: 0
2025-04-06 03:51:41.208	NewBlock 6, Txs: 0, Rows: 0
2025-04-06 03:51:41.211	NewBlock 7, Txs: 0, Rows: 0
2025-04-06 03:51:41.214	NewBlock 8, Txs: 0, Rows: 0
2025-04-06 03:51:41.218	NewBlock 9, Txs: 0, Rows: 0
2025-04-06 03:51:41.221	NewBlock 10, Txs: 0, Rows: 0
2025-04-06 03:51:41.224	NewBlock 11, Txs: 0, Rows: 0
2025-04-06 03:51:41.227	NewBlock 12, Txs: 0, Rows: 0
2025-04-06 03:51:41.230	NewBlock 13, Txs: 0, Rows: 0
2025-04-06 03:51:41.233	NewBlock 14, Txs: 0, Rows: 0
2025-04-06 03:51:41.235	NewBlock 15, Txs: 0, Rows: 0
2025-04-06 03:51:41.239	NewBlock 16, Txs: 0, Rows: 0
2025-04-06 03:51:41.242	NewBlock 17, Txs: 0, Rows: 0
2025-04-06 03:51:41.244	NewBlock 18, Txs: 0, Rows: 0
2025-04-06 03:51:41.248	NewBlock 19, Txs: 0, Rows: 0
2025-04-06 03:51:41.251	NewBlock 20, Txs: 0, Rows: 0
2025-04-06 03:51:41.254	NewBlock 21, Txs: 0, Rows: 0
2025-04-06 03:51:41.256	NewBlock 22, Txs: 0, Rows: 0
2025-04-06 03:51:41.261	NewBlock 23, Txs: 0, Rows: 0
2025-04-06 03:51:41.264	NewBlock 24, Txs: 0, Rows: 0
2025-04-06 03:51:41.267	NewBlock 25, Txs: 0, Rows: 0
2025-04-06 03:51:41.271	NewBlock 26, Txs: 0, Rows: 0
2025-04-06 03:51:41.275	NewBlock 27, Txs: 0, Rows: 0
2025-04-06 03:51:41.277	NewBlock 28, Txs: 0, Rows: 0
2025-04-06 03:51:41.281	NewBlock 29, Txs: 0, Rows: 0
2025-04-06 03:51:41.284	NewBlock 30, Txs: 0, Rows: 0
2025-04-06 03:51:41.287	NewBlock 31, Txs: 0, Rows: 0
2025-04-06 03:51:41.291	NewBlock 32, Txs: 0, Rows: 0
2025-04-06 03:51:41.294	NewBlock 33, Txs: 0, Rows: 0
2025-04-06 03:51:41.297	NewBlock 34, Txs: 0, Rows: 0
2025-04-06 03:51:41.300	NewBlock 35, Txs: 0, Rows: 0
2025-04-06 03:51:41.302	Import: 1, Transferring entity (00000101, 0000000000000000000000000000000000000000) to the chain, txs: 1
2025-04-06 03:51:41.303	Import: 1, Transferring entity (00000201, 0000000000000000000000000000000000000000) to the chain, txs: 1
2025-04-06 03:51:41.303	Import: 1, Transferring entity (00000102, 0000000000000000000000000000000000000000) to the chain, txs: 1
2025-04-06 03:51:41.304	Import: 1, Transferring entity (00000202, 0000000000000000000000000000000000000000) to the chain, txs: 1
2025-04-06 03:51:41.304	Import: 1, Transferring entity (0000010A, 0000000000000000000000000000000000000000) to the chain, txs: 0
2025-04-06 03:51:41.305	Import: 1, Transferring entity (0000010B, 0000000000000000000000000000000000000000) to the chain, txs: 1
2025-04-06 03:51:41.305	Import: 1, Transferring entity (0000010F, 0000000000000000000000000000000000000000) to the chain, txs: 1
2025-04-06 03:51:41.306	Import: 1, Transferring entity (00000103, 18a637e4bf043e4b0c054a2d9e6014ca6d105d76) to the chain, txs: 0
2025-04-06 03:51:41.306	Import: 1, Transferring entity (00000203, 18a637e4bf043e4b0c054a2d9e6014ca6d105d76) to the chain, txs: 0
2025-04-06 03:51:41.307	CompleteImport: Successfully updated chain after import 1, removing old records
2025-04-06 03:51:41.308	CompleteImport: Import 1 completed
2025-04-06 03:52:00.047	NewBlock 36, Txs: 0, Rows: 0
2025-04-06 03:52:17.822	NewBlock 37, Txs: 0, Rows: 0
2025-04-06 03:52:33.290	NewBlock 38, Txs: 0, Rows: 0
2025-04-06 03:52:48.849	NewBlock 39, Txs: 0, Rows: 0
2025-04-06 03:53:00.838	Entity (00000103, 16ada1dad702d87374a2845cfd2135f18124d011) added successfully
2025-04-06 03:53:00.839	Entity (00000203, 16ada1dad702d87374a2845cfd2135f18124d011) added successfully
2025-04-06 03:53:00.854	Entity (00000103, 9f0c8aa1a55ec03edff1655bff2bef2004e03406) added successfully
2025-04-06 03:53:00.854	Entity (00000203, 9f0c8aa1a55ec03edff1655bff2bef2004e03406) added successfully
2025-04-06 03:53:00.870	Entity (00000103, 6d4c96a74cdee44386593311f4aad33d60b7f22e) added successfully
2025-04-06 03:53:00.870	Entity (00000203, 6d4c96a74cdee44386593311f4aad33d60b7f22e) added successfully
2025-04-06 03:53:00.886	Entity (00000103, 9c6497aad7ccf4ba0dd53a978a4dc60e55dca779) added successfully
2025-04-06 03:53:00.886	Entity (00000203, 9c6497aad7ccf4ba0dd53a978a4dc60e55dca779) added successfully
2025-04-06 03:53:00.931	NewTx 0233329b25249063befda2661f36e4805a23f89d99e0b152d0f7477ff3016478, block -1, flags 00030004, import 0
2025-04-06 03:53:00.953	NewTx 1da90b667ed2d17a2c8945a021f78d6c1437c712e32dfe538fe6ba970cdf3159, block -1, flags 00030004, import 0
2025-04-06 03:53:12.107	UpdateTx 0233329b25, block 40, flags 00030004, import 0
2025-04-06 03:53:12.108	UpdateTx 1da90b667e, block 40, flags 00030004, import 0
2025-04-06 03:53:12.113	NewBlock 40, Txs: 2, Rows: 18
2025-04-06 03:53:18.795	NewBlock 41, Txs: 0, Rows: 0
2025-04-06 03:53:40.965	NewBlock 42, Txs: 0, Rows: 0
2025-04-06 03:53:47.618	NewBlock 43, Txs: 0, Rows: 0
2025-04-06 03:54:03.533	Entity (00000103, c89b7e5fcef92984c54dc6eb91af9752cb5cab27) added successfully
2025-04-06 03:54:03.534	Entity (00000203, c89b7e5fcef92984c54dc6eb91af9752cb5cab27) added successfully
2025-04-06 03:54:03.550	Entity (00000103, c5d8cd3c65bc9622933ffbb9c7afccfa5db6d809) added successfully
2025-04-06 03:54:03.550	Entity (00000203, c5d8cd3c65bc9622933ffbb9c7afccfa5db6d809) added successfully
2025-04-06 03:54:03.566	Entity (00000103, 0f73b2cdfc32a9e7e391028b525bc1c4349a2814) added successfully
2025-04-06 03:54:03.566	Entity (00000203, 0f73b2cdfc32a9e7e391028b525bc1c4349a2814) added successfully
2025-04-06 03:54:03.581	Entity (00000103, 8787758bd9e1bba51f2e243129e863a066a0cfd5) added successfully
2025-04-06 03:54:03.582	Entity (00000203, 8787758bd9e1bba51f2e243129e863a066a0cfd5) added successfully
2025-04-06 03:54:03.614	NewTx 878f424f8b2b00738f2204eb1c2a424203e8ae4d10ae3279e3367b36a2c05f35, block -1, flags 00030004, import 0
2025-04-06 03:54:03.642	NewData 00000000000000000000014b0000000000000000000000000000000000000001, block -1, flags 00000000, import 0
2025-04-06 03:54:03.644	NewTx ba32d0973de187802610e44b27b84360a34a188c4b50d43e1b59033c531a3174, block -1, flags 00030004, import 0
2025-04-06 03:54:03.655	NewTx 598c1f8b6de299c6e568169af21b9e06916974dccdf0df1df08cf4c980712c93, block -1, flags 00030004, import 0
2025-04-06 03:54:03.670	NewTx 91ff9d9a03f65ca1fa6ea02ab0116ebf4a534cf14849e6f36d8dda6bc535439e, block -1, flags 00030004, import 0
2025-04-06 03:54:03.690	NewTx 5614d98489f733daec4999aef18d473214ef8e0e5928a99a41902f6254391b51, block -1, flags 00030004, import 0
2025-04-06 03:54:03.708	NewTx 54646c372cf2348883ab05396e4eed799db5f5c05fafca6ee67c910901162317, block -1, flags 00030004, import 0
2025-04-06 03:54:08.632	UpdateTx 878f424f8b, block 44, flags 00030004, import 0
2025-04-06 03:54:08.633	NewData 00000000000000000000014b0000000000000000000000000000000000000001, block 44, flags 00000000, import 0
2025-04-06 03:54:08.634	UpdateTx ba32d0973d, block 44, flags 00030004, import 0
2025-04-06 03:54:08.635	UpdateTx 598c1f8b6d, block 44, flags 00030004, import 0
2025-04-06 03:54:08.637	UpdateTx 91ff9d9a03, block 44, flags 00030004, import 0
2025-04-06 03:54:08.638	UpdateTx 5614d98489, block 44, flags 00030004, import 0
2025-04-06 03:54:08.641	UpdateTx 54646c372c, block 44, flags 00030004, import 0
2025-04-06 03:54:08.644	NewBlock 44, Txs: 7, Rows: 70
2025-04-06 03:54:17.522	NewBlock 45, Txs: 0, Rows: 0
2025-04-06 03:54:28.585	NewBlock 46, Txs: 0, Rows: 0
2025-04-06 03:54:49.610	NewBlock 47, Txs: 0, Rows: 0
2025-04-06 03:55:02.920	NewBlock 48, Txs: 0, Rows: 0
2025-04-06 03:55:18.398	NewBlock 49, Txs: 0, Rows: 0
2025-04-06 03:55:39.409	NewBlock 50, Txs: 0, Rows: 0
2025-04-06 03:55:48.271	NewBlock 51, Txs: 0, Rows: 0
2025-04-06 03:56:01.538	NewBlock 52, Txs: 0, Rows: 0
2025-04-06 03:56:16.996	NewBlock 53, Txs: 0, Rows: 0
2025-04-06 03:56:37.982	NewBlock 54, Txs: 0, Rows: 0
2025-04-06 03:56:52.385	NewBlock 55, Txs: 0, Rows: 0
2025-04-06 03:57:08.958	NewBlock 56, Txs: 0, Rows: 0
2025-04-06 03:57:22.286	NewBlock 57, Txs: 0, Rows: 0
2025-04-06 03:57:34.486	NewBlock 58, Txs: 0, Rows: 0
2025-04-06 03:57:54.411	NewBlock 59, Txs: 0, Rows: 0
2025-04-06 04:02:56.006	Initialized. Chain height: 59, Txs: 11
2025-04-06 04:05:27.396	Initialized. Chain height: 59, Txs: 11
2025-04-06 04:12:56.565	Entity (00000103, 5c72af8e952835e3bd79721d24d1ec7903f0c7d4) added successfully
2025-04-06 04:12:56.567	Entity (00000203, 5c72af8e952835e3bd79721d24d1ec7903f0c7d4) added successfully
2025-04-06 04:12:56.732	Entity (00000103, 277204ad1198ea8fd94322a6a5cedbf8d2c8c568) added successfully
2025-04-06 04:12:56.734	Entity (00000203, 277204ad1198ea8fd94322a6a5cedbf8d2c8c568) added successfully
2025-04-06 04:12:56.736	Starting new import 2 with 9 entities from block -1
2025-04-06 04:12:56.737	Import: 2, Entity: (00000101, 0000000000000000000000000000000000000000), transferred txs: 0
2025-04-06 04:12:56.737	Import: 2, Entity: (00000201, 0000000000000000000000000000000000000000), transferred txs: 9
2025-04-06 04:12:56.740	Import: 2, Entity: (00000102, 0000000000000000000000000000000000000000), transferred txs: 0
2025-04-06 04:12:56.741	Import: 2, Entity: (00000202, 0000000000000000000000000000000000000000), transferred txs: 9
2025-04-06 04:12:56.742	Import: 2, Entity: (0000010A, 0000000000000000000000000000000000000000), transferred txs: 0
2025-04-06 04:12:56.743	Import: 2, Entity: (0000010B, 0000000000000000000000000000000000000000), transferred txs: 0
2025-04-06 04:12:56.745	Import: 2, Entity: (0000010F, 0000000000000000000000000000000000000000), transferred txs: 0
2025-04-06 04:12:56.746	Import: 2, Entity: (00000103, 277204ad1198ea8fd94322a6a5cedbf8d2c8c568), transferred txs: 0
2025-04-06 04:12:56.748	Import: 2, Entity: (00000203, 277204ad1198ea8fd94322a6a5cedbf8d2c8c568), transferred txs: 0
2025-04-06 04:12:56.749	Import 2 successfully started
2025-04-06 04:12:56.753	NewData 00000000000000000000014b0000000000000000000000000000000000000002, block 0, flags 00000000, import 2
2025-04-06 04:12:56.757	NewBlock 0, Txs: 0, Rows: 4
2025-04-06 04:12:56.763	UpdateTx a456551660, block 1, flags 00000006, import 2
2025-04-06 04:12:56.767	NewBlock 1, Txs: 0, Rows: 2
2025-04-06 04:12:56.774	NewBlock 2, Txs: 0, Rows: 0
2025-04-06 04:12:56.781	NewBlock 3, Txs: 0, Rows: 0
2025-04-06 04:12:56.785	NewBlock 4, Txs: 0, Rows: 0
2025-04-06 04:12:56.793	NewBlock 5, Txs: 0, Rows: 0
2025-04-06 04:12:56.797	NewBlock 6, Txs: 0, Rows: 0
2025-04-06 04:12:56.803	NewBlock 7, Txs: 0, Rows: 0
2025-04-06 04:12:56.807	NewBlock 8, Txs: 0, Rows: 0
2025-04-06 04:12:56.812	NewBlock 9, Txs: 0, Rows: 0
2025-04-06 04:12:56.816	NewBlock 10, Txs: 0, Rows: 0
2025-04-06 04:12:56.821	NewBlock 11, Txs: 0, Rows: 0
2025-04-06 04:12:56.827	NewBlock 12, Txs: 0, Rows: 0
2025-04-06 04:12:56.830	NewBlock 13, Txs: 0, Rows: 0
2025-04-06 04:12:56.834	NewBlock 14, Txs: 0, Rows: 0
2025-04-06 04:12:56.839	NewBlock 15, Txs: 0, Rows: 0
2025-04-06 04:12:56.842	NewBlock 16, Txs: 0, Rows: 0
2025-04-06 04:12:56.845	NewBlock 17, Txs: 0, Rows: 0
2025-04-06 04:12:56.849	NewBlock 18, Txs: 0, Rows: 0
2025-04-06 04:12:56.852	NewBlock 19, Txs: 0, Rows: 0
2025-04-06 04:12:56.858	NewBlock 20, Txs: 0, Rows: 0
2025-04-06 04:12:56.861	NewBlock 21, Txs: 0, Rows: 0
2025-04-06 04:12:56.865	NewBlock 22, Txs: 0, Rows: 0
2025-04-06 04:12:56.870	NewBlock 23, Txs: 0, Rows: 0
2025-04-06 04:12:56.873	NewBlock 24, Txs: 0, Rows: 0
2025-04-06 04:12:56.876	NewBlock 25, Txs: 0, Rows: 0
2025-04-06 04:12:56.883	NewBlock 26, Txs: 0, Rows: 0
2025-04-06 04:12:56.888	NewBlock 27, Txs: 0, Rows: 0
2025-04-06 04:12:56.893	NewBlock 28, Txs: 0, Rows: 0
2025-04-06 04:12:56.896	NewBlock 29, Txs: 0, Rows: 0
2025-04-06 04:12:56.902	NewBlock 30, Txs: 0, Rows: 0
2025-04-06 04:12:56.905	NewBlock 31, Txs: 0, Rows: 0
2025-04-06 04:12:56.909	NewBlock 32, Txs: 0, Rows: 0
2025-04-06 04:12:56.914	NewBlock 33, Txs: 0, Rows: 0
2025-04-06 04:12:56.917	NewBlock 34, Txs: 0, Rows: 0
2025-04-06 04:12:56.920	NewBlock 35, Txs: 0, Rows: 0
2025-04-06 04:12:56.925	NewBlock 36, Txs: 0, Rows: 0
2025-04-06 04:12:56.928	NewBlock 37, Txs: 0, Rows: 0
2025-04-06 04:12:56.932	NewBlock 38, Txs: 0, Rows: 0
2025-04-06 04:12:56.936	NewBlock 39, Txs: 0, Rows: 0
2025-04-06 04:12:56.938	UpdateTx 0233329b25, block 40, flags 00000004, import 2
2025-04-06 04:12:56.938	UpdateTx 1da90b667e, block 40, flags 00000004, import 2
2025-04-06 04:12:56.941	NewBlock 40, Txs: 0, Rows: 4
2025-04-06 04:12:56.945	NewBlock 41, Txs: 0, Rows: 0
2025-04-06 04:12:56.949	NewBlock 42, Txs: 0, Rows: 0
2025-04-06 04:12:56.952	NewBlock 43, Txs: 0, Rows: 0
2025-04-06 04:12:56.954	UpdateTx 878f424f8b, block 44, flags 00000004, import 2
2025-04-06 04:12:56.955	NewData 00000000000000000000014b0000000000000000000000000000000000000001, block 44, flags 00000000, import 2
2025-04-06 04:12:56.956	UpdateTx ba32d0973d, block 44, flags 00000004, import 2
2025-04-06 04:12:56.958	UpdateTx 598c1f8b6d, block 44, flags 00000004, import 2
2025-04-06 04:12:56.960	UpdateTx 91ff9d9a03, block 44, flags 00000004, import 2
2025-04-06 04:12:56.961	UpdateTx 5614d98489, block 44, flags 00000004, import 2
2025-04-06 04:12:56.963	UpdateTx 54646c372c, block 44, flags 00000004, import 2
2025-04-06 04:12:56.966	NewBlock 44, Txs: 0, Rows: 16
2025-04-06 04:12:56.969	NewBlock 45, Txs: 0, Rows: 0
2025-04-06 04:12:56.973	NewBlock 46, Txs: 0, Rows: 0
2025-04-06 04:12:56.976	NewBlock 47, Txs: 0, Rows: 0
2025-04-06 04:12:56.979	NewBlock 48, Txs: 0, Rows: 0
2025-04-06 04:12:56.989	NewBlock 49, Txs: 0, Rows: 0
2025-04-06 04:12:56.995	NewBlock 50, Txs: 0, Rows: 0
2025-04-06 04:12:56.999	NewBlock 51, Txs: 0, Rows: 0
2025-04-06 04:12:57.003	NewBlock 52, Txs: 0, Rows: 0
2025-04-06 04:12:57.007	NewBlock 53, Txs: 0, Rows: 0
2025-04-06 04:12:57.012	NewBlock 54, Txs: 0, Rows: 0
2025-04-06 04:12:57.020	NewBlock 55, Txs: 0, Rows: 0
2025-04-06 04:12:57.026	NewBlock 56, Txs: 0, Rows: 0
2025-04-06 04:12:57.031	NewBlock 57, Txs: 0, Rows: 0
2025-04-06 04:12:57.036	NewBlock 58, Txs: 0, Rows: 0
2025-04-06 04:12:57.042	NewBlock 59, Txs: 0, Rows: 0
2025-04-06 04:12:57.044	Import: 2, Transferring entity (00000101, 0000000000000000000000000000000000000000) to the chain, txs: 9
2025-04-06 04:12:57.045	Import: 2, Transferring entity (00000201, 0000000000000000000000000000000000000000) to the chain, txs: 9
2025-04-06 04:12:57.046	Import: 2, Transferring entity (00000102, 0000000000000000000000000000000000000000) to the chain, txs: 9
2025-04-06 04:12:57.047	Import: 2, Transferring entity (00000202, 0000000000000000000000000000000000000000) to the chain, txs: 9
2025-04-06 04:12:57.049	Import: 2, Transferring entity (0000010A, 0000000000000000000000000000000000000000) to the chain, txs: 0
2025-04-06 04:12:57.051	Import: 2, Transferring entity (0000010B, 0000000000000000000000000000000000000000) to the chain, txs: 2
2025-04-06 04:12:57.052	Import: 2, Transferring entity (0000010F, 0000000000000000000000000000000000000000) to the chain, txs: 2
2025-04-06 04:12:57.053	Import: 2, Transferring entity (00000103, 277204ad1198ea8fd94322a6a5cedbf8d2c8c568) to the chain, txs: 0
2025-04-06 04:12:57.054	Import: 2, Transferring entity (00000203, 277204ad1198ea8fd94322a6a5cedbf8d2c8c568) to the chain, txs: 0
2025-04-06 04:12:57.055	CompleteImport: Successfully updated chain after import 2, removing old records
2025-04-06 04:12:57.057	CompleteImport: Import 2 completed
2025-04-06 04:13:02.602	Entity (00000103, 61a712fd13e596ffd2f1e0149ef48f36735bd409) added successfully
2025-04-06 04:13:02.603	Entity (00000203, 61a712fd13e596ffd2f1e0149ef48f36735bd409) added successfully
2025-04-06 04:13:02.621	Entity (00000103, a9c07c21f3e1143991c7e0657aec986f66543642) added successfully
2025-04-06 04:13:02.622	Entity (00000203, a9c07c21f3e1143991c7e0657aec986f66543642) added successfully
2025-04-06 04:13:02.640	Entity (00000103, 32a82ee336b9e3c3c28bc6cea676c86f4a9bf47c) added successfully
2025-04-06 04:13:02.640	Entity (00000203, 32a82ee336b9e3c3c28bc6cea676c86f4a9bf47c) added successfully
2025-04-06 04:13:02.657	Entity (00000103, 521617269c38fea163d018757d317e624df006a3) added successfully
2025-04-06 04:13:02.658	Entity (00000203, 521617269c38fea163d018757d317e624df006a3) added successfully
2025-04-06 04:13:02.744	NewTx 4034bec6f87aaef94c18682a75ac577c885cd1b085556df77bb485b039112c18, block -1, flags 00030004, import 0
2025-04-06 04:13:02.799	NewTx 16308529bf477d48ad276afcf226b19f0ee2ad4051aec1687c47434804dcaafd, block -1, flags 00030004, import 0
2025-04-06 04:13:02.822	NewTx 71bb1a11d57222784733dda2f7fccf33272daf32e917c5685030924b90f21801, block -1, flags 00030004, import 0
2025-04-06 04:13:02.842	NewTx c89f284d44426d10256815ce0981d7f4d991041d02be5f22757a20b057fb7be1, block -1, flags 00030004, import 0
2025-04-06 04:13:02.864	NewTx 5d698409a0f9561352e079572d70b5c07956f99067e2e2181794a7c7522cc5e1, block -1, flags 00030004, import 0
2025-04-06 04:13:19.534	UpdateTx 4034bec6f8, block 60, flags 00030004, import 0
2025-04-06 04:13:19.536	UpdateTx 16308529bf, block 60, flags 00030004, import 0
2025-04-06 04:13:19.538	UpdateTx 71bb1a11d5, block 60, flags 00030004, import 0
2025-04-06 04:13:19.541	UpdateTx c89f284d44, block 60, flags 00030004, import 0
2025-04-06 04:13:19.543	UpdateTx 5d698409a0, block 60, flags 00030004, import 0
2025-04-06 04:13:19.548	NewBlock 60, Txs: 5, Rows: 70
2025-04-06 04:13:30.613	NewBlock 61, Txs: 0, Rows: 0
2025-04-06 04:13:40.599	NewBlock 62, Txs: 0, Rows: 0
2025-04-06 04:13:51.700	NewBlock 63, Txs: 0, Rows: 0
2025-04-06 04:14:12.689	NewBlock 64, Txs: 0, Rows: 0
2025-04-06 04:14:20.450	NewBlock 65, Txs: 0, Rows: 0
2025-04-06 04:14:29.314	NewBlock 66, Txs: 0, Rows: 0
2025-04-06 04:14:44.795	NewBlock 67, Txs: 0, Rows: 0
2025-04-06 04:14:56.033	NewBlock 68, Txs: 0, Rows: 0
2025-04-06 04:15:04.891	NewBlock 69, Txs: 0, Rows: 0
2025-04-06 04:15:13.763	NewBlock 70, Txs: 0, Rows: 0
