2025-04-06 03:41:59.921	Initialized: Admin count: 0, Miner count: 0, ledger rows: 1
2025-04-06 03:42:00.212	Grant: (00000000-f329882a-00000001-f329882a) (0-4294967295, 1743910920), In consensus: 1, Admin count: 0, Miner count: 0
2025-04-06 03:42:00.213	Grant: (00000000-f329882a-00000002-f329882a) (0-4294967295, 1743910920), In consensus: 1, Admin count: 0, Miner count: 0
2025-04-06 03:42:00.214	Grant: (00000000-f329882a-00000004-f329882a) (0-4294967295, 1743910920), In consensus: 1, Admin count: 0, Miner count: 0
2025-04-06 03:42:00.215	Grant: (00000000-f329882a-00000020-f329882a) (0-4294967295, 1743910920), In consensus: 1, Admin count: 0, Miner count: 0
2025-04-06 03:42:00.216	Grant: (00000000-f329882a-00000010-f329882a) (0-4294967295, 1743910920), In consensus: 1, Admin count: 0, Miner count: 0
2025-04-06 03:42:00.217	Grant: (00000000-f329882a-00002000-f329882a) (0-4294967295, 1743910920), In consensus: 1, Admin count: 0, Miner count: 0
2025-04-06 03:42:00.218	Grant: (00000000-f329882a-00000100-f329882a) (0-4294967295, 1743910920), In consensus: 1, Admin count: 0, Miner count: 1
2025-04-06 03:42:00.219	Grant: (00000000-f329882a-00001000-f329882a) (0-4294967295, 1743910920), In consensus: 1, Admin count: 1, Miner count: 1
2025-04-06 03:42:00.220	Grant: (1dbd7f76-00000000-00000001-f329882a) (0-4294967295, 0), In consensus: 1, Admin count: 1, Miner count: 1
2025-04-06 03:42:00.221	Grant: (1dbd7f76-f329882a-00000008-f329882a) (0-4294967295, 0), In consensus: 1, Admin count: 1, Miner count: 1
2025-04-06 03:42:00.222	Grant: (1dbd7f76-f329882a-00000080-f329882a) (0-4294967295, 0), In consensus: 1, Admin count: 1, Miner count: 1
2025-04-06 03:42:00.222	Grant: (1dbd7f76-f329882a-00002000-f329882a) (0-4294967295, 0), In consensus: 1, Admin count: 1, Miner count: 1
2025-04-06 03:42:00.223	Grant: (1dbd7f76-f329882a-00001000-f329882a) (0-4294967295, 0), In consensus: 1, Admin count: 1, Miner count: 1
2025-04-06 03:42:00.237	Block commit:         0 (Hash: ed73b3d8, Miner: f329882a), Admin count: 1, Miner count: 1, Ledger Rows: 16
2025-04-06 03:42:00.293	Block commit:         1 (Hash: 4d368aa1, Miner: f329882a), Admin count: 1, Miner count: 1, Ledger Rows: 18
2025-04-06 03:42:00.319	Block commit:         2 (Hash: 57ed68a6, Miner: f329882a), Admin count: 1, Miner count: 1, Ledger Rows: 20
2025-04-06 03:42:15.798	Block commit:         3 (Hash: f4c09b30, Miner: f329882a), Admin count: 1, Miner count: 1, Ledger Rows: 22
2025-04-06 03:42:28.008	Block commit:         4 (Hash: f80d333d, Miner: f329882a), Admin count: 1, Miner count: 1, Ledger Rows: 24
2025-04-06 03:42:51.171	Block commit:         5 (Hash: 621a665a, Miner: f329882a), Admin count: 1, Miner count: 1, Ledger Rows: 26
2025-04-06 03:43:05.521	Block commit:         6 (Hash: 118668ee, Miner: f329882a), Admin count: 1, Miner count: 1, Ledger Rows: 28
2025-04-06 03:43:26.519	Block commit:         7 (Hash: e3a8bc5c, Miner: f329882a), Admin count: 1, Miner count: 1, Ledger Rows: 30
2025-04-06 03:43:40.896	Block commit:         8 (Hash: 361e0736, Miner: f329882a), Admin count: 1, Miner count: 1, Ledger Rows: 32
2025-04-06 03:44:02.995	Block commit:         9 (Hash: 5d971577, Miner: f329882a), Admin count: 1, Miner count: 1, Ledger Rows: 34
2025-04-06 03:44:10.788	Block commit:        10 (Hash: 71ad60c1, Miner: f329882a), Admin count: 1, Miner count: 1, Ledger Rows: 36
2025-04-06 03:44:30.700	Block commit:        11 (Hash: 55aeb487, Miner: f329882a), Admin count: 1, Miner count: 1, Ledger Rows: 38
2025-04-06 03:44:42.866	Block commit:        12 (Hash: e41de81d, Miner: f329882a), Admin count: 1, Miner count: 1, Ledger Rows: 40
2025-04-06 03:44:58.348	Block commit:        13 (Hash: 6491812e, Miner: f329882a), Admin count: 1, Miner count: 1, Ledger Rows: 42
2025-04-06 03:45:03.905	Block commit:        14 (Hash: df7a98c7, Miner: f329882a), Admin count: 1, Miner count: 1, Ledger Rows: 44
2025-04-06 03:45:29.300	Block commit:        15 (Hash: 330d966e, Miner: f329882a), Admin count: 1, Miner count: 1, Ledger Rows: 46
2025-04-06 03:45:35.947	Block commit:        16 (Hash: fe7ab4be, Miner: f329882a), Admin count: 1, Miner count: 1, Ledger Rows: 48
2025-04-06 03:45:58.033	Block commit:        17 (Hash: 5b1b717e, Miner: f329882a), Admin count: 1, Miner count: 1, Ledger Rows: 50
2025-04-06 03:46:04.701	Block commit:        18 (Hash: 87289a7c, Miner: f329882a), Admin count: 1, Miner count: 1, Ledger Rows: 52
2025-04-06 03:46:34.546	Block commit:        19 (Hash: 2d1b7aac, Miner: f329882a), Admin count: 1, Miner count: 1, Ledger Rows: 54
2025-04-06 03:47:15.423	Initialized: Admin count: 1, Miner count: 1, ledger rows: 54
2025-04-06 03:47:15.680	Block rollback:        19, Admin count: 1, Miner count: 1, Ledger Rows: 54
2025-04-06 03:47:26.802	Block commit:        20 (Hash: 803cf508, Miner: f329882a), Admin count: 1, Miner count: 1, Ledger Rows: 56
2025-04-06 03:47:50.144	Block commit:        21 (Hash: 64011599, Miner: f329882a), Admin count: 1, Miner count: 1, Ledger Rows: 58
2025-04-06 03:48:11.123	Block commit:        22 (Hash: 615a7f65, Miner: f329882a), Admin count: 1, Miner count: 1, Ledger Rows: 60
2025-04-06 03:48:27.695	Block commit:        23 (Hash: 4c8ea6ab, Miner: f329882a), Admin count: 1, Miner count: 1, Ledger Rows: 62
2025-04-06 03:48:40.997	Block commit:        24 (Hash: a7d761fa, Miner: f329882a), Admin count: 1, Miner count: 1, Ledger Rows: 64
2025-04-06 03:48:56.466	Block commit:        25 (Hash: b69ad2ce, Miner: f329882a), Admin count: 1, Miner count: 1, Ledger Rows: 66
2025-04-06 03:49:11.960	Block commit:        26 (Hash: 920825db, Miner: f329882a), Admin count: 1, Miner count: 1, Ledger Rows: 68
2025-04-06 03:49:34.053	Block commit:        27 (Hash: 8efb4677, Miner: f329882a), Admin count: 1, Miner count: 1, Ledger Rows: 70
2025-04-06 03:49:53.949	Block commit:        28 (Hash: d3a9ba62, Miner: f329882a), Admin count: 1, Miner count: 1, Ledger Rows: 72
2025-04-06 03:50:17.213	Block commit:        29 (Hash: b3a11163, Miner: f329882a), Admin count: 1, Miner count: 1, Ledger Rows: 74
2025-04-06 03:50:37.102	Block commit:        30 (Hash: e11dba49, Miner: f329882a), Admin count: 1, Miner count: 1, Ledger Rows: 76
2025-04-06 03:50:54.777	Block commit:        31 (Hash: 4dca0dde, Miner: f329882a), Admin count: 1, Miner count: 1, Ledger Rows: 78
2025-04-06 03:51:08.056	Block commit:        32 (Hash: 53d95bc4, Miner: f329882a), Admin count: 1, Miner count: 1, Ledger Rows: 80
2025-04-06 03:51:19.123	Block commit:        33 (Hash: 6b89951f, Miner: f329882a), Admin count: 1, Miner count: 1, Ledger Rows: 82
2025-04-06 03:51:25.785	Block commit:        34 (Hash: 1c8a7af0, Miner: f329882a), Admin count: 1, Miner count: 1, Ledger Rows: 84
2025-04-06 03:51:34.656	Block commit:        35 (Hash: a0203ce8, Miner: f329882a), Admin count: 1, Miner count: 1, Ledger Rows: 86
2025-04-06 03:52:00.039	Block commit:        36 (Hash: 3539671e, Miner: f329882a), Admin count: 1, Miner count: 1, Ledger Rows: 88
2025-04-06 03:52:17.804	Block commit:        37 (Hash: dea1ab1e, Miner: f329882a), Admin count: 1, Miner count: 1, Ledger Rows: 90
2025-04-06 03:52:33.282	Block commit:        38 (Hash: 74f23ac1, Miner: f329882a), Admin count: 1, Miner count: 1, Ledger Rows: 92
2025-04-06 03:52:48.840	Block commit:        39 (Hash: 12f37752, Miner: f329882a), Admin count: 1, Miner count: 1, Ledger Rows: 94
2025-04-06 03:53:00.929	Grant: (00000000-86355979-00000002-f329882a) (0-4294967295, 1743911580), In consensus: 1, Admin count: 1, Miner count: 1
2025-04-06 03:53:00.947	Grant: (00000000-20dca481-00000002-f329882a) (0-4294967295, 1743911580), In consensus: 1, Admin count: 1, Miner count: 1
2025-04-06 03:53:00.949	Grant: (00000000-20dca481-00000004-f329882a) (0-4294967295, 1743911580), In consensus: 1, Admin count: 1, Miner count: 1
2025-04-06 03:53:00.950	Grant: (00000000-6d105d76-00000002-f329882a) (0-4294967295, 1743911580), In consensus: 1, Admin count: 1, Miner count: 1
2025-04-06 03:53:00.951	Grant: (00000000-6d105d76-00000004-f329882a) (0-4294967295, 1743911580), In consensus: 1, Admin count: 1, Miner count: 1
2025-04-06 03:53:12.080	Mempool copy:        39, Admin count: 1, Miner count: 1, Ledger Rows: 99
2025-04-06 03:53:12.084	Mempool ramv:        39, Admin count: 1, Miner count: 1, Ledger Rows: 99
2025-04-06 03:53:12.087	Mempool copy:        39, Admin count: 1, Miner count: 1, Ledger Rows: 99
2025-04-06 03:53:12.090	Mempool ramv:        39, Admin count: 1, Miner count: 1, Ledger Rows: 99
2025-04-06 03:53:12.091	Mempool copy:        39, Admin count: 1, Miner count: 1, Ledger Rows: 99
2025-04-06 03:53:12.091	Mempool clr :        39, Admin count: 1, Miner count: 1, Ledger Rows: 94
2025-04-06 03:53:12.092	Mempool rstr:        39, Admin count: 1, Miner count: 1, Ledger Rows: 99
2025-04-06 03:53:12.092	Mempool clr :        39, Admin count: 1, Miner count: 1, Ledger Rows: 94
2025-04-06 03:53:12.093	Grant: (00000000-86355979-00000002-f329882a) (0-4294967295, 1743911580), In consensus: 1, Admin count: 1, Miner count: 1
2025-04-06 03:53:12.095	Grant: (00000000-20dca481-00000002-f329882a) (0-4294967295, 1743911580), In consensus: 1, Admin count: 1, Miner count: 1
2025-04-06 03:53:12.095	Grant: (00000000-20dca481-00000004-f329882a) (0-4294967295, 1743911580), In consensus: 1, Admin count: 1, Miner count: 1
2025-04-06 03:53:12.096	Grant: (00000000-6d105d76-00000002-f329882a) (0-4294967295, 1743911580), In consensus: 1, Admin count: 1, Miner count: 1
2025-04-06 03:53:12.096	Grant: (00000000-6d105d76-00000004-f329882a) (0-4294967295, 1743911580), In consensus: 1, Admin count: 1, Miner count: 1
2025-04-06 03:53:12.101	Block commit:        40 (Hash: 06059137, Miner: f329882a), Admin count: 1, Miner count: 1, Ledger Rows: 101
2025-04-06 03:53:18.785	Block commit:        41 (Hash: e3c46d48, Miner: f329882a), Admin count: 1, Miner count: 1, Ledger Rows: 103
2025-04-06 03:53:40.956	Block commit:        42 (Hash: de4f615e, Miner: f329882a), Admin count: 1, Miner count: 1, Ledger Rows: 105
2025-04-06 03:53:47.611	Block commit:        43 (Hash: 95ed02bb, Miner: f329882a), Admin count: 1, Miner count: 1, Ledger Rows: 107
2025-04-06 03:54:03.597	Grant: (00000000-86355979-00000002-f329882a) (0-4294967295, 1743911643), In consensus: 1, Admin count: 1, Miner count: 1
2025-04-06 03:54:03.599	Grant: (00000000-86355979-00000004-f329882a) (0-4294967295, 1743911643), In consensus: 1, Admin count: 1, Miner count: 1
2025-04-06 03:54:03.599	Grant: (00000000-20dca481-00000002-f329882a) (0-4294967295, 1743911643), In consensus: 1, Admin count: 1, Miner count: 1
2025-04-06 03:54:03.600	Grant: (00000000-20dca481-00000004-f329882a) (0-4294967295, 1743911643), In consensus: 1, Admin count: 1, Miner count: 1
2025-04-06 03:54:03.601	Grant: (00000000-6d105d76-00000002-f329882a) (0-4294967295, 1743911643), In consensus: 1, Admin count: 1, Miner count: 1
2025-04-06 03:54:03.601	Grant: (00000000-6d105d76-00000004-f329882a) (0-4294967295, 1743911643), In consensus: 1, Admin count: 1, Miner count: 1
2025-04-06 03:54:03.602	Grant: (00000000-8124d011-00000002-f329882a) (0-4294967295, 1743911643), In consensus: 1, Admin count: 1, Miner count: 1
2025-04-06 03:54:03.603	Grant: (00000000-8124d011-00000004-f329882a) (0-4294967295, 1743911643), In consensus: 1, Admin count: 1, Miner count: 1
2025-04-06 03:54:03.603	Grant: (00000000-04e03406-00000002-f329882a) (0-4294967295, 1743911643), In consensus: 1, Admin count: 1, Miner count: 1
2025-04-06 03:54:03.604	Grant: (00000000-04e03406-00000004-f329882a) (0-4294967295, 1743911643), In consensus: 1, Admin count: 1, Miner count: 1
2025-04-06 03:54:03.605	Grant: (00000000-60b7f22e-00000002-f329882a) (0-4294967295, 1743911643), In consensus: 1, Admin count: 1, Miner count: 1
2025-04-06 03:54:03.606	Grant: (00000000-60b7f22e-00000004-f329882a) (0-4294967295, 1743911643), In consensus: 1, Admin count: 1, Miner count: 1
2025-04-06 03:54:03.607	Grant: (00000000-55dca779-00000002-f329882a) (0-4294967295, 1743911643), In consensus: 1, Admin count: 1, Miner count: 1
2025-04-06 03:54:03.608	Grant: (00000000-55dca779-00000004-f329882a) (0-4294967295, 1743911643), In consensus: 1, Admin count: 1, Miner count: 1
2025-04-06 03:54:03.608	Grant: (00000000-cb5cab27-00000002-f329882a) (0-4294967295, 1743911643), In consensus: 1, Admin count: 1, Miner count: 1
2025-04-06 03:54:03.609	Grant: (00000000-cb5cab27-00000004-f329882a) (0-4294967295, 1743911643), In consensus: 1, Admin count: 1, Miner count: 1
2025-04-06 03:54:03.610	Grant: (00000000-5db6d809-00000002-f329882a) (0-4294967295, 1743911643), In consensus: 1, Admin count: 1, Miner count: 1
2025-04-06 03:54:03.611	Grant: (00000000-5db6d809-00000004-f329882a) (0-4294967295, 1743911643), In consensus: 1, Admin count: 1, Miner count: 1
2025-04-06 03:54:03.611	Grant: (00000000-349a2814-00000002-f329882a) (0-4294967295, 1743911643), In consensus: 1, Admin count: 1, Miner count: 1
2025-04-06 03:54:03.612	Grant: (00000000-349a2814-00000004-f329882a) (0-4294967295, 1743911643), In consensus: 1, Admin count: 1, Miner count: 1
2025-04-06 03:54:03.612	Grant: (00000000-66a0cfd5-00000002-f329882a) (0-4294967295, 1743911643), In consensus: 1, Admin count: 1, Miner count: 1
2025-04-06 03:54:03.613	Grant: (00000000-66a0cfd5-00000004-f329882a) (0-4294967295, 1743911643), In consensus: 1, Admin count: 1, Miner count: 1
2025-04-06 03:54:03.636	Grant: (531a3174-00000000-00000001-f329882a) (0-4294967295, 0), In consensus: 1, Admin count: 1, Miner count: 1
2025-04-06 03:54:03.637	Grant: (531a3174-f329882a-00000002-f329882a) (0-4294967295, 0), In consensus: 1, Admin count: 1, Miner count: 1
2025-04-06 03:54:03.638	Grant: (531a3174-f329882a-00000004-f329882a) (0-4294967295, 0), In consensus: 1, Admin count: 1, Miner count: 1
2025-04-06 03:54:03.639	Grant: (531a3174-f329882a-00000010-f329882a) (0-4294967295, 0), In consensus: 1, Admin count: 1, Miner count: 1
2025-04-06 03:54:03.640	Grant: (531a3174-f329882a-00002000-f329882a) (0-4294967295, 0), In consensus: 1, Admin count: 1, Miner count: 1
2025-04-06 03:54:03.641	Grant: (531a3174-f329882a-00001000-f329882a) (0-4294967295, 0), In consensus: 1, Admin count: 1, Miner count: 1
2025-04-06 03:54:08.568	Mempool copy:        43, Admin count: 1, Miner count: 1, Ledger Rows: 135
2025-04-06 03:54:08.579	Mempool ramv:        43, Admin count: 1, Miner count: 1, Ledger Rows: 135
2025-04-06 03:54:08.585	Mempool copy:        43, Admin count: 1, Miner count: 1, Ledger Rows: 135
2025-04-06 03:54:08.590	Mempool ramv:        43, Admin count: 1, Miner count: 1, Ledger Rows: 135
2025-04-06 03:54:08.593	Mempool copy:        43, Admin count: 1, Miner count: 1, Ledger Rows: 135
2025-04-06 03:54:08.594	Mempool clr :        43, Admin count: 1, Miner count: 1, Ledger Rows: 107
2025-04-06 03:54:08.596	Mempool rstr:        43, Admin count: 1, Miner count: 1, Ledger Rows: 135
2025-04-06 03:54:08.596	Mempool clr :        43, Admin count: 1, Miner count: 1, Ledger Rows: 107
2025-04-06 03:54:08.598	Grant: (00000000-86355979-00000002-f329882a) (0-4294967295, 1743911643), In consensus: 1, Admin count: 1, Miner count: 1
2025-04-06 03:54:08.598	Grant: (00000000-86355979-00000004-f329882a) (0-4294967295, 1743911643), In consensus: 1, Admin count: 1, Miner count: 1
2025-04-06 03:54:08.599	Grant: (00000000-20dca481-00000002-f329882a) (0-4294967295, 1743911643), In consensus: 1, Admin count: 1, Miner count: 1
2025-04-06 03:54:08.599	Grant: (00000000-20dca481-00000004-f329882a) (0-4294967295, 1743911643), In consensus: 1, Admin count: 1, Miner count: 1
2025-04-06 03:54:08.600	Grant: (00000000-6d105d76-00000002-f329882a) (0-4294967295, 1743911643), In consensus: 1, Admin count: 1, Miner count: 1
2025-04-06 03:54:08.601	Grant: (00000000-6d105d76-00000004-f329882a) (0-4294967295, 1743911643), In consensus: 1, Admin count: 1, Miner count: 1
2025-04-06 03:54:08.601	Grant: (00000000-8124d011-00000002-f329882a) (0-4294967295, 1743911643), In consensus: 1, Admin count: 1, Miner count: 1
2025-04-06 03:54:08.602	Grant: (00000000-8124d011-00000004-f329882a) (0-4294967295, 1743911643), In consensus: 1, Admin count: 1, Miner count: 1
2025-04-06 03:54:08.603	Grant: (00000000-04e03406-00000002-f329882a) (0-4294967295, 1743911643), In consensus: 1, Admin count: 1, Miner count: 1
2025-04-06 03:54:08.603	Grant: (00000000-04e03406-00000004-f329882a) (0-4294967295, 1743911643), In consensus: 1, Admin count: 1, Miner count: 1
2025-04-06 03:54:08.604	Grant: (00000000-60b7f22e-00000002-f329882a) (0-4294967295, 1743911643), In consensus: 1, Admin count: 1, Miner count: 1
2025-04-06 03:54:08.606	Grant: (00000000-60b7f22e-00000004-f329882a) (0-4294967295, 1743911643), In consensus: 1, Admin count: 1, Miner count: 1
2025-04-06 03:54:08.608	Grant: (00000000-55dca779-00000002-f329882a) (0-4294967295, 1743911643), In consensus: 1, Admin count: 1, Miner count: 1
2025-04-06 03:54:08.608	Grant: (00000000-55dca779-00000004-f329882a) (0-4294967295, 1743911643), In consensus: 1, Admin count: 1, Miner count: 1
2025-04-06 03:54:08.609	Grant: (00000000-cb5cab27-00000002-f329882a) (0-4294967295, 1743911643), In consensus: 1, Admin count: 1, Miner count: 1
2025-04-06 03:54:08.610	Grant: (00000000-cb5cab27-00000004-f329882a) (0-4294967295, 1743911643), In consensus: 1, Admin count: 1, Miner count: 1
2025-04-06 03:54:08.611	Grant: (00000000-5db6d809-00000002-f329882a) (0-4294967295, 1743911643), In consensus: 1, Admin count: 1, Miner count: 1
2025-04-06 03:54:08.611	Grant: (00000000-5db6d809-00000004-f329882a) (0-4294967295, 1743911643), In consensus: 1, Admin count: 1, Miner count: 1
2025-04-06 03:54:08.612	Grant: (00000000-349a2814-00000002-f329882a) (0-4294967295, 1743911643), In consensus: 1, Admin count: 1, Miner count: 1
2025-04-06 03:54:08.613	Grant: (00000000-349a2814-00000004-f329882a) (0-4294967295, 1743911643), In consensus: 1, Admin count: 1, Miner count: 1
2025-04-06 03:54:08.613	Grant: (00000000-66a0cfd5-00000002-f329882a) (0-4294967295, 1743911643), In consensus: 1, Admin count: 1, Miner count: 1
2025-04-06 03:54:08.614	Grant: (00000000-66a0cfd5-00000004-f329882a) (0-4294967295, 1743911643), In consensus: 1, Admin count: 1, Miner count: 1
2025-04-06 03:54:08.614	Grant: (531a3174-00000000-00000001-f329882a) (0-4294967295, 0), In consensus: 1, Admin count: 1, Miner count: 1
2025-04-06 03:54:08.615	Grant: (531a3174-f329882a-00000002-f329882a) (0-4294967295, 0), In consensus: 1, Admin count: 1, Miner count: 1
2025-04-06 03:54:08.616	Grant: (531a3174-f329882a-00000004-f329882a) (0-4294967295, 0), In consensus: 1, Admin count: 1, Miner count: 1
2025-04-06 03:54:08.616	Grant: (531a3174-f329882a-00000010-f329882a) (0-4294967295, 0), In consensus: 1, Admin count: 1, Miner count: 1
2025-04-06 03:54:08.617	Grant: (531a3174-f329882a-00002000-f329882a) (0-4294967295, 0), In consensus: 1, Admin count: 1, Miner count: 1
2025-04-06 03:54:08.618	Grant: (531a3174-f329882a-00001000-f329882a) (0-4294967295, 0), In consensus: 1, Admin count: 1, Miner count: 1
2025-04-06 03:54:08.626	Block commit:        44 (Hash: 9aca0c07, Miner: f329882a), Admin count: 1, Miner count: 1, Ledger Rows: 137
2025-04-06 03:54:17.515	Block commit:        45 (Hash: 068f378a, Miner: f329882a), Admin count: 1, Miner count: 1, Ledger Rows: 139
2025-04-06 03:54:28.577	Block commit:        46 (Hash: 2a15e308, Miner: f329882a), Admin count: 1, Miner count: 1, Ledger Rows: 141
2025-04-06 03:54:49.596	Block commit:        47 (Hash: 39839c07, Miner: f329882a), Admin count: 1, Miner count: 1, Ledger Rows: 143
2025-04-06 03:55:02.912	Block commit:        48 (Hash: 9b5faf19, Miner: f329882a), Admin count: 1, Miner count: 1, Ledger Rows: 145
2025-04-06 03:55:18.389	Block commit:        49 (Hash: 3b327b1a, Miner: f329882a), Admin count: 1, Miner count: 1, Ledger Rows: 147
2025-04-06 03:55:39.402	Block commit:        50 (Hash: 57bd0e91, Miner: f329882a), Admin count: 1, Miner count: 1, Ledger Rows: 149
2025-04-06 03:55:48.263	Block commit:        51 (Hash: 9179171a, Miner: f329882a), Admin count: 1, Miner count: 1, Ledger Rows: 151
2025-04-06 03:56:01.529	Block commit:        52 (Hash: 3bc37f26, Miner: f329882a), Admin count: 1, Miner count: 1, Ledger Rows: 153
2025-04-06 03:56:16.988	Block commit:        53 (Hash: 5ba4c90c, Miner: f329882a), Admin count: 1, Miner count: 1, Ledger Rows: 155
2025-04-06 03:56:37.973	Block commit:        54 (Hash: f6ea393a, Miner: f329882a), Admin count: 1, Miner count: 1, Ledger Rows: 157
2025-04-06 03:56:52.376	Block commit:        55 (Hash: 7b17ff57, Miner: f329882a), Admin count: 1, Miner count: 1, Ledger Rows: 159
2025-04-06 03:57:08.948	Block commit:        56 (Hash: eb73d5a6, Miner: f329882a), Admin count: 1, Miner count: 1, Ledger Rows: 161
2025-04-06 03:57:22.279	Block commit:        57 (Hash: 3015bdac, Miner: f329882a), Admin count: 1, Miner count: 1, Ledger Rows: 163
2025-04-06 03:57:34.478	Block commit:        58 (Hash: 219f6b33, Miner: f329882a), Admin count: 1, Miner count: 1, Ledger Rows: 165
2025-04-06 03:57:54.402	Block commit:        59 (Hash: 91d0833e, Miner: f329882a), Admin count: 1, Miner count: 1, Ledger Rows: 167
2025-04-06 04:02:55.800	Initialized: Admin count: 1, Miner count: 1, ledger rows: 167
2025-04-06 04:02:56.217	Block rollback:        59, Admin count: 1, Miner count: 1, Ledger Rows: 167
2025-04-06 04:05:27.230	Initialized: Admin count: 1, Miner count: 1, ledger rows: 167
2025-04-06 04:05:27.504	Block rollback:        59, Admin count: 1, Miner count: 1, Ledger Rows: 167
